<?xml version="1.0" encoding="UTF-8"?>
<!-- Generated by org.testng.reporters.JUnitReportReporter -->
<testsuite hostname="DESKTOP-FD4QRKI" failures="0" tests="1" name="RMGYANTRA.CreateProjectUsingMapTest" time="0.072" errors="0" timestamp="2022-08-22T11:24:49 IST" skipped="0">
  <testcase classname="RMGYANTRA.CreateProjectUsingMapTest" name="createProjectUsingMapTest" time="0.072"/>
  <system-out/>
</testsuite> <!-- RMGYANTRA.CreateProjectUsingMapTest -->
