<?xml version="1.0" encoding="UTF-8"?>
<!-- Generated by org.testng.reporters.JUnitReportReporter -->
<testsuite hostname="DESKTOP-FD4QRKI" failures="0" tests="1" name="DifferenrWaysToPost.CreateProjectUsingMapTest" time="3.236" errors="0" timestamp="2022-08-16T16:39:14 IST" skipped="0">
  <testcase classname="DifferenrWaysToPost.CreateProjectUsingMapTest" name="createProjectUsingMapTest" time="3.236"/>
  <system-out/>
</testsuite> <!-- DifferenrWaysToPost.CreateProjectUsingMapTest -->
