<?xml version="1.0" encoding="UTF-8"?>
<!-- Generated by org.testng.reporters.JUnitReportReporter -->
<testsuite hostname="DESKTOP-FD4QRKI" failures="0" tests="1" name="DifferenrWaysToPost.CreateProjectUsingJSONFileTest" time="2.935" errors="0" timestamp="2022-08-16T17:15:42 IST" skipped="0">
  <testcase classname="DifferenrWaysToPost.CreateProjectUsingJSONFileTest" name="createProjectUsingJSONFileTest" time="2.935"/>
  <system-out/>
</testsuite> <!-- DifferenrWaysToPost.CreateProjectUsingJSONFileTest -->
