<?xml version="1.0" encoding="UTF-8"?>
<!-- Generated by org.testng.reporters.JUnitReportReporter -->
<testsuite hostname="DESKTOP-FD4QRKI" failures="0" tests="1" name="RMGYANTRA.GetAllProjectTest" time="2.699" errors="0" timestamp="2022-08-22T09:56:57 IST" skipped="0">
  <testcase classname="RMGYANTRA.GetAllProjectTest" name="getProjectTest" time="2.699"/>
  <system-out/>
</testsuite> <!-- RMGYANTRA.GetAllProjectTest -->
