<?xml version="1.0" encoding="UTF-8"?>
<!-- Generated by org.testng.reporters.JUnitReportReporter -->
<testsuite hostname="DESKTOP-FD4QRKI" failures="0" tests="1" name="CRUDOperationsUsingBDD.CreateProjectTest" time="3.262" errors="0" timestamp="2022-08-16T17:13:07 IST" skipped="0">
  <testcase classname="CRUDOperationsUsingBDD.CreateProjectTest" name="createProjectTest" time="3.262"/>
  <system-out/>
</testsuite> <!-- CRUDOperationsUsingBDD.CreateProjectTest -->
