<?xml version="1.0" encoding="UTF-8"?>
<!-- Generated by org.testng.reporters.JUnitReportReporter -->
<testsuite hostname="DESKTOP-FD4QRKI" failures="0" tests="1" name="RMGYANTRA.CreateProjectTest" time="3.685" errors="0" timestamp="2022-08-22T09:54:21 IST" skipped="0">
  <testcase classname="RMGYANTRA.CreateProjectTest" name="createProjectTest" time="3.685"/>
  <system-out/>
</testsuite> <!-- RMGYANTRA.CreateProjectTest -->
