<?xml version="1.0" encoding="UTF-8"?>
<!-- Generated by org.testng.reporters.JUnitReportReporter -->
<testsuite hostname="DESKTOP-FD4QRKI" failures="0" tests="1" name="CRUDOperationsUsingBDD.GetSingleProjectTest" time="2.652" errors="0" timestamp="2022-08-16T15:59:37 IST" skipped="0">
  <testcase classname="CRUDOperationsUsingBDD.GetSingleProjectTest" name="getSingleProjectTest" time="2.652"/>
  <system-out/>
</testsuite> <!-- CRUDOperationsUsingBDD.GetSingleProjectTest -->
