<?xml version="1.0" encoding="UTF-8"?>
<!-- Generated by org.testng.reporters.JUnitReportReporter -->
<testsuite hostname="DESKTOP-FD4QRKI" failures="0" tests="1" name="com.authentication.BasicAuthTest" time="3.677" errors="0" timestamp="2022-08-16T17:07:45 IST" skipped="0">
  <testcase classname="com.authentication.BasicAuthTest" name="basicAuthTest" time="3.677"/>
  <system-out/>
</testsuite> <!-- com.authentication.BasicAuthTest -->
