<?xml version="1.0" encoding="UTF-8"?>
<!-- Generated by org.testng.reporters.JUnitReportReporter -->
<testsuite hostname="DESKTOP-FD4QRKI" failures="0" tests="1" name="RMGYANTRA.BasicAuthTest" time="1.846" errors="0" timestamp="2022-08-24T14:49:03 IST" skipped="0">
  <testcase classname="RMGYANTRA.BasicAuthTest" name="basicAuthTest" time="1.846"/>
  <system-out/>
</testsuite> <!-- RMGYANTRA.BasicAuthTest -->
