<?xml version="1.0" encoding="UTF-8"?>
<!-- Generated by org.testng.reporters.JUnitReportReporter -->
<testsuite hostname="DESKTOP-FD4QRKI" failures="0" tests="1" name="RMGYANTRA.BasicAuthTest" time="0.396" errors="0" timestamp="2022-08-19T17:35:27 IST" skipped="0">
  <testcase classname="RMGYANTRA.BasicAuthTest" name="basicAuthTest" time="0.396"/>
  <system-out/>
</testsuite> <!-- RMGYANTRA.BasicAuthTest -->
