<?xml version="1.0" encoding="UTF-8"?>
<!-- Generated by org.testng.reporters.JUnitReportReporter -->
<testsuite hostname="DESKTOP-FD4QRKI" failures="0" tests="1" name="DifferenrWaysToPost.CreateProjectUsingJSONObjectTest" time="3.251" errors="0" timestamp="2022-08-16T16:33:16 IST" skipped="0">
  <testcase classname="DifferenrWaysToPost.CreateProjectUsingJSONObjectTest" name="createProjectUsingJSONObjectTest" time="3.251"/>
  <system-out/>
</testsuite> <!-- DifferenrWaysToPost.CreateProjectUsingJSONObjectTest -->
