<?xml version="1.0" encoding="UTF-8"?>
<!-- Generated by org.testng.reporters.JUnitReportReporter -->
<testsuite hostname="DESKTOP-FD4QRKI" failures="0" tests="1" name="RMGYANTRA.UpdateProjectTest" time="0.163" errors="0" timestamp="2022-08-19T17:35:27 IST" skipped="0">
  <testcase classname="RMGYANTRA.UpdateProjectTest" name="updateProjectTest" time="0.163"/>
  <system-out/>
</testsuite> <!-- RMGYANTRA.UpdateProjectTest -->
