<?xml version="1.0" encoding="UTF-8"?>
<!-- Generated by org.testng.reporters.JUnitReportReporter -->
<testsuite hostname="DESKTOP-FD4QRKI" failures="0" tests="1" name="RMGYANTRA.CreateProjectTest" time="0.116" errors="0" timestamp="2022-08-19T17:35:27 IST" skipped="0">
  <testcase classname="RMGYANTRA.CreateProjectTest" name="createProjectTest" time="0.116"/>
  <system-out/>
</testsuite> <!-- RMGYANTRA.CreateProjectTest -->
