<?xml version="1.0" encoding="UTF-8"?>
<!-- Generated by org.testng.reporters.JUnitReportReporter -->
<testsuite hostname="DESKTOP-FD4QRKI" failures="0" tests="1" name="RMGYANTRA.CreateProjectUsingJSONObjectTest" time="0.175" errors="0" timestamp="2022-08-19T15:20:03 IST" skipped="0">
  <testcase classname="RMGYANTRA.CreateProjectUsingJSONObjectTest" name="createProjectUsingJSONObjectTest" time="0.175"/>
  <system-out/>
</testsuite> <!-- RMGYANTRA.CreateProjectUsingJSONObjectTest -->
