<?xml version="1.0" encoding="UTF-8"?>
<!-- Generated by org.testng.reporters.JUnitReportReporter -->
<testsuite hostname="DESKTOP-FD4QRKI" failures="0" tests="1" name="CURDOperationsUsingBDD.GetProjectTest" time="3.180" errors="0" timestamp="2022-08-16T15:36:31 IST" skipped="0">
  <testcase classname="CURDOperationsUsingBDD.GetProjectTest" name="getProjectTest" time="3.180"/>
  <system-out/>
</testsuite> <!-- CURDOperationsUsingBDD.GetProjectTest -->
