<?xml version="1.0" encoding="UTF-8"?>
<!-- Generated by org.testng.reporters.JUnitReportReporter -->
<testsuite hostname="DESKTOP-FD4QRKI" failures="0" tests="1" name="RMGYANTRA.CreateProjectGetAndVerifyInDB" time="4.258" errors="0" timestamp="2022-08-21T13:05:18 IST" skipped="0">
  <testcase classname="RMGYANTRA.CreateProjectGetAndVerifyInDB" name="endToEndScenarioTest" time="4.258"/>
  <system-out/>
</testsuite> <!-- RMGYANTRA.CreateProjectGetAndVerifyInDB -->
