<?xml version="1.0" encoding="UTF-8"?>
<!-- Generated by org.testng.reporters.JUnitReportReporter -->
<testsuite hostname="DESKTOP-FD4QRKI" failures="0" tests="1" name="CURDOperationsUsingBDD.CreateProjectTest" time="5.088" errors="0" timestamp="2022-08-16T15:32:03 IST" skipped="0">
  <testcase classname="CURDOperationsUsingBDD.CreateProjectTest" name="createProjectTest" time="5.088"/>
  <system-out/>
</testsuite> <!-- CURDOperationsUsingBDD.CreateProjectTest -->
