<?xml version="1.0" encoding="UTF-8"?>
<!-- Generated by org.testng.reporters.JUnitReportReporter -->
<testsuite hostname="DESKTOP-FD4QRKI" failures="0" tests="1" name="CRUDOperationsUsingBDD.DeleteSingleProjectTest" time="2.970" errors="0" timestamp="2022-08-16T16:03:43 IST" skipped="0">
  <testcase classname="CRUDOperationsUsingBDD.DeleteSingleProjectTest" name="deleteSingleProjectTest" time="2.970"/>
  <system-out/>
</testsuite> <!-- CRUDOperationsUsingBDD.DeleteSingleProjectTest -->
