<?xml version="1.0" encoding="UTF-8"?>
<!-- Generated by org.testng.reporters.JUnitReportReporter -->
<testsuite hostname="DESKTOP-FD4QRKI" failures="0" tests="1" name="RMGYANTRA.EndToEndScenarioTest" time="0.008" errors="0" timestamp="2022-08-17T17:38:02 IST" skipped="0">
  <testcase classname="RMGYANTRA.EndToEndScenarioTest" name="endToEndScenarioTest" time="0.008"/>
  <system-out/>
</testsuite> <!-- RMGYANTRA.EndToEndScenarioTest -->
