<?xml version="1.0" encoding="UTF-8"?>
<!-- Generated by org.testng.reporters.JUnitReportReporter -->
<testsuite hostname="DESKTOP-FD4QRKI" failures="0" tests="1" name="CRUDOperationsUsingBDD.UpdateProjectTest" time="3.358" errors="0" timestamp="2022-08-16T16:19:57 IST" skipped="0">
  <testcase classname="CRUDOperationsUsingBDD.UpdateProjectTest" name="updateProjectTest" time="3.358"/>
  <system-out/>
</testsuite> <!-- CRUDOperationsUsingBDD.UpdateProjectTest -->
