<?xml version="1.0" encoding="UTF-8"?>
<!-- Generated by org.testng.reporters.JUnitReportReporter -->
<testsuite hostname="DESKTOP-FD4QRKI" failures="0" tests="1" name="RMGYANTRA.CreateAndUpdateProjectTest" time="0.187" errors="0" timestamp="2022-08-22T11:24:49 IST" skipped="0">
  <testcase classname="RMGYANTRA.CreateAndUpdateProjectTest" name="updateProjectTest" time="0.187"/>
  <system-out/>
</testsuite> <!-- RMGYANTRA.CreateAndUpdateProjectTest -->
