<?xml version="1.0" encoding="UTF-8"?>
<!-- Generated by org.testng.reporters.JUnitReportReporter -->
<testsuite hostname="DESKTOP-FD4QRKI" failures="0" tests="1" name="com.authentication.BasicAuth" time="0.018" errors="0" timestamp="2022-08-16T14:11:59 IST" skipped="0">
  <testcase classname="com.authentication.BasicAuth" name="basicAuth" time="0.018"/>
  <system-out/>
</testsuite> <!-- com.authentication.BasicAuth -->
