<?xml version="1.0" encoding="UTF-8"?>
<!-- Generated by org.testng.reporters.JUnitReportReporter -->
<testsuite hostname="DESKTOP-FD4QRKI" failures="0" tests="1" name="RMGYANTRA.GetSingleProjectTest" time="3.740" errors="0" timestamp="2022-08-22T10:31:16 IST" skipped="0">
  <testcase classname="RMGYANTRA.GetSingleProjectTest" name="getSingleProjectTest" time="3.740"/>
  <system-out/>
</testsuite> <!-- RMGYANTRA.GetSingleProjectTest -->
