<?xml version="1.0" encoding="UTF-8"?>
<!-- Generated by org.testng.reporters.JUnitReportReporter -->
<testsuite hostname="DESKTOP-FD4QRKI" failures="0" tests="1" name="CURDOperationsUsingBDD.GetAllProjectTest" time="2.590" errors="0" timestamp="2022-08-16T15:37:29 IST" skipped="0">
  <testcase classname="CURDOperationsUsingBDD.GetAllProjectTest" name="getProjectTest" time="2.590"/>
  <system-out/>
</testsuite> <!-- CURDOperationsUsingBDD.GetAllProjectTest -->
